<?xml version="1.0" encoding="UTF-8"?>
<testsuite xmlns:xsi="http://www.w3.org/2001/XMLSchema-instance" xsi:noNamespaceSchemaLocation="https://maven.apache.org/surefire/maven-surefire-plugin/xsd/surefire-test-report-3.0.xsd" version="3.0" name="service.RecipeManagerTest" time="0.05" tests="15" errors="0" skipped="0" failures="0">
  <properties>
[...]
</properties>
  <testcase name="addRecipe_duplicate_throwsIllegalArgumentException" classname="service.RecipeManagerTest" time="0.018"/>
  <testcase name="searchByCategory_noMatch_returnsEmptyList" classname="service.RecipeManagerTest" time="0.002"/>
  <testcase name="searchByCategory_matchingCategory_returnsCorrectRecipes" classname="service.RecipeManagerTest" time="0.002"/>
  <testcase name="searchByIngredient_noMatch_returnsEmptyList" classname="service.RecipeManagerTest" time="0.001"/>
  <testcase name="removeRecipe_nonExistentName_returnsFalse" classname="service.RecipeManagerTest" time="0.0"/>
  <testcase name="addToFavourites_nonExistentRecipe_returnsFalse" classname="service.RecipeManagerTest" time="0.001"/>
  <testcase name="removeFromFavourites_existingFavourite_removesIt" classname="service.RecipeManagerTest" time="0.001"/>
  <testcase name="addRecipe_null_throwsIllegalArgumentException" classname="service.RecipeManagerTest" time="0.001"/>
  <testcase name="searchByIngredient_blankQuery_returnsEmptyList" classname="service.RecipeManagerTest" time="0.001"/>
  <testcase name="removeRecipe_existingName_returnsTrue" classname="service.RecipeManagerTest" time="0.001"/>
  <testcase name="searchByIngredient_matchingIngredient_returnsCorrectRecipes" classname="service.RecipeManagerTest" time="0.001"/>
  <testcase name="searchByIngredient_isCaseInsensitive" classname="service.RecipeManagerTest" time="0.001"/>
  <testcase name="getFavourites_noFavourites_returnsEmptyList" classname="service.RecipeManagerTest" time="0.001"/>
  <testcase name="addToFavourites_existingRecipe_marksAsFavourite" classname="service.RecipeManagerTest" time="0.0"/>
  <testcase name="addRecipe_increasesTotalCount" classname="service.RecipeManagerTest" time="0.001"/>
</testsuite>